<?xml version="1.0" encoding="UTF-8"?>
<!-- Generated by org.testng.reporters.JUnitReportReporter -->
<testsuite hostname="LAPTOP-LO3V6RGG" failures="0" tests="1" name="Testcases.LoginApplication" time="12.613" errors="0" timestamp="2021-06-04T20:22:37 IST" skipped="0">
  <testcase classname="Testcases.LoginApplication" name="AlertMethod" time="12.613"/>
  <system-out/>
</testsuite> <!-- Testcases.LoginApplication -->
