<?xml version="1.0" encoding="UTF-8"?>
<!-- Generated by org.testng.reporters.JUnitReportReporter -->
<testsuite hostname="LAPTOP-LO3V6RGG" failures="0" tests="9" name="Test.Day3" time="0.012" errors="0" timestamp="2020-09-17T15:49:11 IST" skipped="2">
  <testcase classname="Test.Day3" name="webloginCarLoan" time="0.001"/>
  <system-out/>
  <testcase classname="Test.Day3" name="MobileLoginCarLoan" time="0.002"/>
  <system-out/>
  <testcase classname="Test.Day3" name="MobileSignoutCarLoan" time="0.001"/>
  <system-out/>
  <testcase classname="Test.Day3" name="MobileSignoutCarLoan" time="0.002"/>
  <system-out/>
  <testcase classname="Test.Day3" name="MobileLoginCarLoan" time="0.004"/>
  <system-out/>
  <testcase classname="Test.Day3" name="webloginCarLoan" time="0.002"/>
  <system-out/>
  <testcase classname="Test.Day3" name="ApicarLoan" time="0.000"/>
  <system-out/>
  <testcase classname="Test.Day3" name="MobileSigninCarLoan">
    <skipped/>
  </testcase> <!-- MobileSigninCarLoan -->
  <system-out/>
  <testcase classname="Test.Day3" name="MobileSigninCarLoan">
    <skipped/>
  </testcase> <!-- MobileSigninCarLoan -->
  <system-out/>
</testsuite> <!-- Test.Day3 -->
