<?xml version="1.0" encoding="UTF-8"?>
<!-- Generated by org.testng.reporters.JUnitReportReporter -->
<testsuite hostname="LAPTOP-LO3V6RGG" failures="0" tests="2" name="Test.Day1" time="0.006" errors="0" timestamp="2020-10-27T13:24:55 IST" skipped="0">
  <testcase classname="Test.Day1" name="Demo" time="0.005"/>
  <system-out/>
  <testcase classname="Test.Day1" name="SecondTest" time="0.001"/>
  <system-out/>
</testsuite> <!-- Test.Day1 -->
