<?xml version="1.0" encoding="UTF-8"?>
<!-- Generated by org.testng.reporters.JUnitReportReporter -->
<testsuite hostname="LAPTOP-LO3V6RGG" failures="0" tests="1" name="Test.Day4" time="0.001" errors="0" timestamp="2020-09-02T08:33:29 IST" skipped="0">
  <testcase classname="Test.Day4" name="ApiHomeLoan" time="0.001"/>
  <system-out/>
</testsuite> <!-- Test.Day4 -->
