<?xml version="1.0" encoding="UTF-8"?>
<!-- Generated by org.testng.reporters.JUnitReportReporter -->
<testsuite hostname="LAPTOP-LO3V6RGG" failures="0" tests="2" name="TestNGConcepts.SkipATestCase" time="0.001" errors="0" timestamp="17 Sep 2020 10:28:19 GMT" skipped="1">
  <testcase classname="TestNGConcepts.SkipATestCase" name="startTheCare" time="0.001"/>
  <testcase classname="TestNGConcepts.SkipATestCase" name="turnTheMusicOn">
    <skipped/>
  </testcase> <!-- turnTheMusicOn -->
</testsuite> <!-- TestNGConcepts.SkipATestCase -->
