<?xml version="1.0" encoding="UTF-8"?>
<!-- Generated by org.testng.reporters.JUnitReportReporter -->
<testsuite hostname="LAPTOP-LO3V6RGG" failures="0" tests="1" name="DataDrivenFramework.BothIncorrect" time="8.133" errors="0" timestamp="01 Oct 2020 08:13:05 GMT" skipped="0">
  <testcase classname="DataDrivenFramework.BothIncorrect" name="loginWithBothIncorrect" time="8.133"/>
</testsuite> <!-- DataDrivenFramework.BothIncorrect -->
