<?xml version="1.0" encoding="UTF-8"?>
<!-- Generated by org.testng.reporters.JUnitReportReporter -->
<testsuite hostname="LAPTOP-LO3V6RGG" failures="0" tests="4" name="DataDrivenFramework.LoginFunctionalities" time="37.799" errors="0" timestamp="01 Oct 2020 08:10:38 GMT" skipped="0">
  <testcase classname="DataDrivenFramework.LoginFunctionalities" name="loginWithCorrectUsername" time="11.861"/>
  <testcase classname="DataDrivenFramework.LoginFunctionalities" name="loginWithCorrectUsername" time="9.581"/>
  <testcase classname="DataDrivenFramework.LoginFunctionalities" name="loginWithCorrectUsername" time="8.017"/>
  <testcase classname="DataDrivenFramework.LoginFunctionalities" name="loginWithCorrectUsername" time="8.340"/>
</testsuite> <!-- DataDrivenFramework.LoginFunctionalities -->
