<?xml version="1.0" encoding="UTF-8"?>
<!-- Generated by org.testng.reporters.JUnitReportReporter -->
<testsuite hostname="LAPTOP-LO3V6RGG" failures="0" tests="2" name="TestNGConcepts.ParallelTesting" time="13.211" errors="0" timestamp="18 Sep 2020 06:39:49 GMT" skipped="0">
  <testcase classname="TestNGConcepts.ParallelTesting" name="openBing" time="6.344"/>
  <testcase classname="TestNGConcepts.ParallelTesting" name="openGoogle" time="6.867"/>
</testsuite> <!-- TestNGConcepts.ParallelTesting -->
