<?xml version="1.0" encoding="UTF-8"?>
<!-- Generated by org.testng.reporters.JUnitReportReporter -->
<testsuite hostname="LAPTOP-LO3V6RGG" failures="0" tests="3" name="TestNGConcepts.SuiteExample" time="9.033" errors="0" timestamp="17 Sep 2020 10:28:19 GMT" skipped="0">
  <testcase classname="TestNGConcepts.SuiteExample" name="openBing" time="0.685"/>
  <testcase classname="TestNGConcepts.SuiteExample" name="openYahoo" time="6.848"/>
  <testcase classname="TestNGConcepts.SuiteExample" name="openGoogle" time="1.500"/>
</testsuite> <!-- TestNGConcepts.SuiteExample -->
