<?xml version="1.0" encoding="UTF-8"?>
<!-- Generated by org.testng.reporters.JUnitReportReporter -->
<testsuite hostname="LAPTOP-LO3V6RGG" failures="0" tests="4" name="TestNGConcepts.DependenciesManagement" time="0.004" errors="0" timestamp="17 Sep 2020 10:28:19 GMT" skipped="0">
  <testcase classname="TestNGConcepts.DependenciesManagement" name="sarav" time="0.000"/>
  <testcase classname="TestNGConcepts.DependenciesManagement" name="highSchool" time="0.003"/>
  <testcase classname="TestNGConcepts.DependenciesManagement" name="engineering" time="0.001"/>
  <testcase classname="TestNGConcepts.DependenciesManagement" name="higherSecondary" time="0.000"/>
</testsuite> <!-- TestNGConcepts.DependenciesManagement -->
