<?xml version="1.0" encoding="UTF-8"?>
<!-- Generated by org.testng.reporters.JUnitReportReporter -->
<testsuite hostname="LAPTOP-LO3V6RGG" failures="0" tests="2" name="TestNGConcepts.AnnotationsHierarchyExample" time="0.004" errors="0" timestamp="18 Sep 2020 12:37:23 GMT" skipped="0">
  <testcase classname="TestNGConcepts.AnnotationsHierarchyExample" name="test" time="0.003"/>
  <testcase classname="TestNGConcepts.AnnotationsHierarchyExample" name="test2" time="0.001"/>
</testsuite> <!-- TestNGConcepts.AnnotationsHierarchyExample -->
