<?xml version="1.0" encoding="UTF-8"?>
<!-- Generated by org.testng.reporters.JUnitReportReporter -->
<testsuite hostname="LAPTOP-LO3V6RGG" failures="0" tests="4" name="TestNgConcepts.DependeniesManagement" time="0.027" errors="0" timestamp="17 Sep 2020 08:04:02 GMT" skipped="0">
  <testcase classname="TestNgConcepts.DependeniesManagement" name="highSchool" time="0.019"/>
  <testcase classname="TestNgConcepts.DependeniesManagement" name="sarav" time="0.003"/>
  <testcase classname="TestNgConcepts.DependeniesManagement" name="higherSecondary" time="0.003"/>
  <testcase classname="TestNgConcepts.DependeniesManagement" name="engineering" time="0.002"/>
</testsuite> <!-- TestNgConcepts.DependeniesManagement -->
