<?xml version="1.0" encoding="UTF-8"?>
<!-- Generated by org.testng.reporters.JUnitReportReporter -->
<testsuite hostname="LAPTOP-LO3V6RGG" failures="0" tests="1" name="TestNGConcepts.ParameterizationExample" time="0.010" errors="0" timestamp="17 Sep 2020 11:27:15 GMT" skipped="0">
  <testcase classname="TestNGConcepts.ParameterizationExample" name="printName" time="0.010"/>
</testsuite> <!-- TestNGConcepts.ParameterizationExample -->
