<?xml version="1.0" encoding="UTF-8"?>
<!-- Generated by org.testng.reporters.JUnitReportReporter -->
<testsuite hostname="LAPTOP-LO3V6RGG" failures="0" tests="4" name="TestNGConcepts.GroupingExample" time="0.018" errors="0" timestamp="18 Sep 2020 05:20:47 GMT" skipped="0">
  <testcase classname="TestNGConcepts.GroupingExample" name="vivo1" time="0.001"/>
  <testcase classname="TestNGConcepts.GroupingExample" name="moto1" time="0.008"/>
  <testcase classname="TestNGConcepts.GroupingExample" name="moto2" time="0.008"/>
  <testcase classname="TestNGConcepts.GroupingExample" name="vivo2" time="0.001"/>
</testsuite> <!-- TestNGConcepts.GroupingExample -->
