<?xml version="1.0" encoding="UTF-8"?>
<!-- Generated by org.testng.reporters.JUnitReportReporter -->
<testsuite hostname="LAPTOP-LO3V6RGG" failures="0" tests="1" name="TestNGConcepts.DriveACar" time="0.000" errors="0" timestamp="17 Sep 2020 10:28:19 GMT" skipped="0">
  <testcase classname="TestNGConcepts.DriveACar" name="startTheCare" time="0.000"/>
</testsuite> <!-- TestNGConcepts.DriveACar -->
