<?xml version="1.0" encoding="UTF-8"?>
<!-- Generated by org.testng.reporters.JUnitReportReporter -->
<testsuite hostname="LAPTOP-LO3V6RGG" failures="0" tests="4" name="DataDrivenFramework.LoginFunctionalities1" time="89.606" errors="0" timestamp="22 Sep 2020 04:37:28 GMT" skipped="0">
  <testcase classname="DataDrivenFramework.LoginFunctionalities1" name="loginWithCorrectUsername" time="19.699"/>
  <testcase classname="DataDrivenFramework.LoginFunctionalities1" name="loginWithCorrectUsername" time="37.782"/>
  <testcase classname="DataDrivenFramework.LoginFunctionalities1" name="loginWithCorrectUsername" time="19.502"/>
  <testcase classname="DataDrivenFramework.LoginFunctionalities1" name="loginWithCorrectUsername" time="12.623"/>
</testsuite> <!-- DataDrivenFramework.LoginFunctionalities1 -->
